app/build/outputs/logs/manifest-merger-release-report.txt
-- Merging decision tree log ---
manifest
ADDED from src\main\AndroidManifest.xml:1:1-266:12
	package
		ADDED from src\main\AndroidManifest.xml:2:5-30
		INJECTED from src\main\AndroidManifest.xml
		INJECTED from src\main\AndroidManifest.xml
	android:versionName
		ADDED from src\main\AndroidManifest.xml:4:5-30
		INJECTED from src\main\AndroidManifest.xml
		INJECTED from src\main\AndroidManifest.xml
	android:versionCode
		ADDED from src\main\AndroidManifest.xml:3:5-28
		INJECTED from src\main\AndroidManifest.xml
		INJECTED from src\main\AndroidManifest.xml
	xmlns:android
		ADDED from src\main\AndroidManifest.xml:1:11-69
uses-sdk
ADDED from src\main\AndroidManifest.xml:6:5-8:41
MERGED from [com.android.support:multidex:1.0.1] AndroidManifest.xml:18:5-42
MERGED from [com.facebook.android:facebook-android-sdk:4.15.0] AndroidManifest.xml:24:5-26:41
MERGED from [com.android.support:cardview-v7:23.4.0] AndroidManifest.xml:20:5-43
MERGED from [com.android.support:support-v4:23.4.0] AndroidManifest.xml:20:5-43
MERGED from [com.android.support:customtabs:23.4.0] AndroidManifest.xml:20:5-44
MERGED from [com.android.support:support-v4:23.4.0] AndroidManifest.xml:20:5-43
MERGED from [SensibleWalletVaam:appGradeLib:unspecified] AndroidManifest.xml:7:5-9:41
MERGED from [SensibleWalletVaam:googleplayserviceslib:unspecified] AndroidManifest.xml:23:5-25:41
MERGED from [com.android.support:appcompat-v7:23.0.1] AndroidManifest.xml:20:5-43
MERGED from [com.android.support:support-v4:23.4.0] AndroidManifest.xml:20:5-43
MERGED from [com.android.support:design:23.0.1] AndroidManifest.xml:20:5-43
MERGED from [com.android.support:support-v4:23.4.0] AndroidManifest.xml:20:5-43
MERGED from [com.android.support:appcompat-v7:23.0.1] AndroidManifest.xml:20:5-43
MERGED from [com.android.support:support-v4:23.4.0] AndroidManifest.xml:20:5-43
MERGED from [SensibleWalletVaam:unity-ads:unspecified] AndroidManifest.xml:8:5-43
	android:targetSdkVersion
		ADDED from src\main\AndroidManifest.xml:8:9-38
		INJECTED from src\main\AndroidManifest.xml
		INJECTED from src\main\AndroidManifest.xml
	android:minSdkVersion
		ADDED from src\main\AndroidManifest.xml:7:9-35
		INJECTED from src\main\AndroidManifest.xml
		INJECTED from src\main\AndroidManifest.xml
uses-permission#android.permission.INTERNET
ADDED from src\main\AndroidManifest.xml:10:5-67
MERGED from [SensibleWalletVaam:unity-ads:unspecified] AndroidManifest.xml:11:5-67
	android:name
		ADDED from src\main\AndroidManifest.xml:10:22-64
uses-permission#android.permission.ACCESS_NETWORK_STATE
ADDED from src\main\AndroidManifest.xml:11:5-79
MERGED from [SensibleWalletVaam:unity-ads:unspecified] AndroidManifest.xml:10:5-79
	android:name
		ADDED from src\main\AndroidManifest.xml:11:22-76
uses-permission#android.permission.ACCESS_WIFI_STATE
ADDED from src\main\AndroidManifest.xml:12:5-75
	android:name
		ADDED from src\main\AndroidManifest.xml:12:22-73
uses-permission#android.permission.WRITE_EXTERNAL_STORAGE
ADDED from src\main\AndroidManifest.xml:13:5-81
	android:name
		ADDED from src\main\AndroidManifest.xml:13:22-78
uses-permission#android.permission.ACCESS_FINE_LOCATION
ADDED from src\main\AndroidManifest.xml:14:5-79
	android:name
		ADDED from src\main\AndroidManifest.xml:14:22-76
uses-permission#android.permission.WAKE_LOCK
ADDED from src\main\AndroidManifest.xml:15:5-68
	android:name
		ADDED from src\main\AndroidManifest.xml:15:22-65
uses-permission#com.google.android.c2dm.permission.RECEIVE
ADDED from src\main\AndroidManifest.xml:16:5-82
	android:name
		ADDED from src\main\AndroidManifest.xml:16:22-79
uses-permission#android.permission.READ_PHONE_STATE
ADDED from src\main\AndroidManifest.xml:17:5-75
	android:name
		ADDED from src\main\AndroidManifest.xml:17:22-72
uses-permission#android.permission.GET_ACCOUNTS
ADDED from src\main\AndroidManifest.xml:18:5-71
	android:name
		ADDED from src\main\AndroidManifest.xml:18:22-68
uses-permission#android.permission.USE_CREDENTIALS
ADDED from src\main\AndroidManifest.xml:19:5-74
	android:name
		ADDED from src\main\AndroidManifest.xml:19:22-71
uses-permission#android.permission.GET_TASKS
ADDED from src\main\AndroidManifest.xml:21:5-68
	android:name
		ADDED from src\main\AndroidManifest.xml:21:22-65
uses-permission#android.permission.ACCESS_COARSE_LOCATION
ADDED from src\main\AndroidManifest.xml:22:5-80
	android:name
		ADDED from src\main\AndroidManifest.xml:22:22-78
uses-permission#android.permission.SYSTEM_ALERT_WINDOW
ADDED from src\main\AndroidManifest.xml:24:5-78
	android:name
		ADDED from src\main\AndroidManifest.xml:24:22-75
uses-permission#com.android.launcher.permission.INSTALL_SHORTCUT
ADDED from src\main\AndroidManifest.xml:26:5-88
	android:name
		ADDED from src\main\AndroidManifest.xml:26:22-85
permission#com.woodywallet.permission.C2D_MESSAGE
ADDED from src\main\AndroidManifest.xml:28:5-30:47
	android:protectionLevel
		ADDED from src\main\AndroidManifest.xml:30:9-44
	android:name
		ADDED from src\main\AndroidManifest.xml:29:9-62
application
ADDED from src\main\AndroidManifest.xml:32:5-264:19
MERGED from [com.facebook.android:facebook-android-sdk:4.15.0] AndroidManifest.xml:28:5-38:19
MERGED from [com.android.support:cardview-v7:23.4.0] AndroidManifest.xml:22:5-20
MERGED from [com.android.support:support-v4:23.4.0] AndroidManifest.xml:22:5-20
MERGED from [com.android.support:customtabs:23.4.0] AndroidManifest.xml:22:5-20
MERGED from [com.android.support:support-v4:23.4.0] AndroidManifest.xml:22:5-20
MERGED from [SensibleWalletVaam:appGradeLib:unspecified] AndroidManifest.xml:11:5-14:19
MERGED from [SensibleWalletVaam:googleplayserviceslib:unspecified] AndroidManifest.xml:27:5-20
MERGED from [com.android.support:appcompat-v7:23.0.1] AndroidManifest.xml:22:5-20
MERGED from [com.android.support:support-v4:23.4.0] AndroidManifest.xml:22:5-20
MERGED from [com.android.support:design:23.0.1] AndroidManifest.xml:22:5-20
MERGED from [com.android.support:support-v4:23.4.0] AndroidManifest.xml:22:5-20
MERGED from [com.android.support:appcompat-v7:23.0.1] AndroidManifest.xml:22:5-20
MERGED from [com.android.support:support-v4:23.4.0] AndroidManifest.xml:22:5-20
MERGED from [SensibleWalletVaam:unity-ads:unspecified] AndroidManifest.xml:13:5-20:19
	android:label
		ADDED from src\main\AndroidManifest.xml:35:9-41
	android:windowSoftInputMode
		ADDED from src\main\AndroidManifest.xml:39:9-56
	android:allowBackup
		ADDED from src\main\AndroidManifest.xml:33:9-35
	android:icon
		ADDED from src\main\AndroidManifest.xml:34:9-45
	android:largeHeap
		ADDED from src\main\AndroidManifest.xml:36:9-33
	android:theme
		ADDED from src\main\AndroidManifest.xml:37:9-40
	android:name
		ADDED from src\main\AndroidManifest.xml:38:9-53
activity#com.chartboost.sdk.CBImpressionActivity
ADDED from src\main\AndroidManifest.xml:40:9-44:77
	android:excludeFromRecents
		ADDED from src\main\AndroidManifest.xml:41:13-46
	android:hardwareAccelerated
		ADDED from src\main\AndroidManifest.xml:42:13-47
	android:configChanges
		ADDED from src\main\AndroidManifest.xml:44:13-74
	android:theme
		ADDED from src\main\AndroidManifest.xml:43:13-83
	android:name
		ADDED from src\main\AndroidManifest.xml:40:19-73
meta-data#applovin.sdk.key
ADDED from src\main\AndroidManifest.xml:46:9-47:57
	android:value
		ADDED from src\main\AndroidManifest.xml:47:13-53
	android:name
		ADDED from src\main\AndroidManifest.xml:46:20-51
meta-data#com.revmob.app.id
ADDED from src\main\AndroidManifest.xml:48:9-94
	android:value
		ADDED from src\main\AndroidManifest.xml:48:53-92
	android:name
		ADDED from src\main\AndroidManifest.xml:48:20-52
activity#com.revmob.FullscreenActivity
ADDED from src\main\AndroidManifest.xml:50:9-53:20
	android:configChanges
		ADDED from src\main\AndroidManifest.xml:52:13-63
	android:theme
		ADDED from src\main\AndroidManifest.xml:51:13-61
	android:name
		ADDED from src\main\AndroidManifest.xml:50:19-63
activity#com.applovin.adview.AppLovinInterstitialActivity
ADDED from src\main\AndroidManifest.xml:54:9-85
	android:name
		ADDED from src\main\AndroidManifest.xml:54:19-82
activity#com.applovin.adview.AppLovinConfirmationActivity
ADDED from src\main\AndroidManifest.xml:55:9-85
	android:name
		ADDED from src\main\AndroidManifest.xml:55:19-82
activity#com.woodywallet.ActivitySplashScreen
ADDED from src\main\AndroidManifest.xml:56:9-65:20
	android:label
		ADDED from src\main\AndroidManifest.xml:58:13-45
	android:theme
		ADDED from src\main\AndroidManifest.xml:59:13-44
	android:name
		ADDED from src\main\AndroidManifest.xml:57:13-64
intent-filter#android.intent.action.MAIN+android.intent.category.LAUNCHER
ADDED from src\main\AndroidManifest.xml:60:13-64:29
action#android.intent.action.MAIN
ADDED from src\main\AndroidManifest.xml:61:17-69
	android:name
		ADDED from src\main\AndroidManifest.xml:61:25-66
category#android.intent.category.LAUNCHER
ADDED from src\main\AndroidManifest.xml:63:17-77
	android:name
		ADDED from src\main\AndroidManifest.xml:63:27-74
activity#com.woodywallet.ActivityLogin
ADDED from src\main\AndroidManifest.xml:66:9-71:20
	android:label
		ADDED from src\main\AndroidManifest.xml:68:13-57
	android:windowSoftInputMode
		ADDED from src\main\AndroidManifest.xml:70:13-60
	android:theme
		ADDED from src\main\AndroidManifest.xml:69:13-44
	android:name
		ADDED from src\main\AndroidManifest.xml:67:13-57
activity#com.woodywallet.ActivityRegister
ADDED from src\main\AndroidManifest.xml:72:9-78:20
	android:screenOrientation
		ADDED from src\main\AndroidManifest.xml:75:13-49
	android:label
		ADDED from src\main\AndroidManifest.xml:74:13-57
	android:windowSoftInputMode
		ADDED from src\main\AndroidManifest.xml:77:13-60
	android:theme
		ADDED from src\main\AndroidManifest.xml:76:13-44
	android:name
		ADDED from src\main\AndroidManifest.xml:73:13-60
activity#com.woodywallet.ActivityMainWallet
ADDED from src\main\AndroidManifest.xml:79:9-87:20
	android:clearTaskOnLaunch
		ADDED from src\main\AndroidManifest.xml:81:13-45
	android:screenOrientation
		ADDED from src\main\AndroidManifest.xml:84:13-49
	android:label
		ADDED from src\main\AndroidManifest.xml:82:13-45
	android:launchMode
		ADDED from src\main\AndroidManifest.xml:83:13-44
	android:windowSoftInputMode
		ADDED from src\main\AndroidManifest.xml:86:13-60
	android:theme
		ADDED from src\main\AndroidManifest.xml:85:13-44
	android:name
		ADDED from src\main\AndroidManifest.xml:80:13-62
activity#com.facebook.FacebookActivity
ADDED from src\main\AndroidManifest.xml:91:9-94:48
MERGED from [com.facebook.android:facebook-android-sdk:4.15.0] AndroidManifest.xml:29:9-32:75
	android:label
		ADDED from src\main\AndroidManifest.xml:94:13-45
	android:configChanges
		ADDED from src\main\AndroidManifest.xml:93:13-96
	android:theme
		ADDED from src\main\AndroidManifest.xml:92:13-72
	android:name
		ADDED from src\main\AndroidManifest.xml:91:19-63
meta-data#com.facebook.sdk.ApplicationId
ADDED from src\main\AndroidManifest.xml:96:9-98:59
	android:value
		ADDED from src\main\AndroidManifest.xml:98:13-56
	android:name
		ADDED from src\main\AndroidManifest.xml:97:13-58
receiver#com.google.android.gcm.GCMBroadcastReceiver
ADDED from src\main\AndroidManifest.xml:100:9-109:20
	android:permission
		ADDED from src\main\AndroidManifest.xml:102:13-73
	android:name
		ADDED from src\main\AndroidManifest.xml:101:13-71
intent-filter#com.google.android.c2dm.intent.RECEIVE+com.google.android.c2dm.intent.REGISTRATION+com.sensiblewallet
ADDED from src\main\AndroidManifest.xml:103:13-108:29
action#com.google.android.c2dm.intent.RECEIVE
ADDED from src\main\AndroidManifest.xml:104:17-81
	android:name
		ADDED from src\main\AndroidManifest.xml:104:25-78
action#com.google.android.c2dm.intent.REGISTRATION
ADDED from src\main\AndroidManifest.xml:105:17-86
	android:name
		ADDED from src\main\AndroidManifest.xml:105:25-83
category#com.sensiblewallet
ADDED from src\main\AndroidManifest.xml:107:17-63
	android:name
		ADDED from src\main\AndroidManifest.xml:107:27-60
receiver#com.woodywallet.NotificationReciver
ADDED from src\main\AndroidManifest.xml:110:9-72
	android:name
		ADDED from src\main\AndroidManifest.xml:110:19-69
service#com.woodywallet.GCMIntentService
ADDED from src\main\AndroidManifest.xml:112:9-68
	android:name
		ADDED from src\main\AndroidManifest.xml:112:18-65
meta-data#com.google.android.gms.version
ADDED from src\main\AndroidManifest.xml:114:9-116:69
	android:value
		ADDED from src\main\AndroidManifest.xml:116:13-66
	android:name
		ADDED from src\main\AndroidManifest.xml:115:13-58
activity#com.appgrade.sdk.view.InterstitialActivity
ADDED from src\main\AndroidManifest.xml:119:9-121:61
	android:theme
		ADDED from src\main\AndroidManifest.xml:121:13-59
	android:name
		ADDED from src\main\AndroidManifest.xml:120:13-70
activity#com.supersonicads.sdk.controller.ControllerActivity
ADDED from src\main\AndroidManifest.xml:124:9-127:50
	android:hardwareAccelerated
		ADDED from src\main\AndroidManifest.xml:127:13-47
	android:configChanges
		ADDED from src\main\AndroidManifest.xml:126:13-59
	android:name
		ADDED from src\main\AndroidManifest.xml:125:13-79
activity#com.supersonicads.sdk.controller.InterstitialActivity
ADDED from src\main\AndroidManifest.xml:128:9-132:64
	android:hardwareAccelerated
		ADDED from src\main\AndroidManifest.xml:131:13-47
	android:configChanges
		ADDED from src\main\AndroidManifest.xml:130:13-59
	android:theme
		ADDED from src\main\AndroidManifest.xml:132:13-61
	android:name
		ADDED from src\main\AndroidManifest.xml:129:13-81
activity#com.supersonicads.sdk.controller.OpenUrlActivity
ADDED from src\main\AndroidManifest.xml:133:9-137:64
	android:hardwareAccelerated
		ADDED from src\main\AndroidManifest.xml:136:13-47
	android:configChanges
		ADDED from src\main\AndroidManifest.xml:135:13-59
	android:theme
		ADDED from src\main\AndroidManifest.xml:137:13-61
	android:name
		ADDED from src\main\AndroidManifest.xml:134:13-76
activity#com.trialpay.android.views.webcontainer.WebContainerActivity
ADDED from src\main\AndroidManifest.xml:140:9-146:20
	android:hardwareAccelerated
		ADDED from src\main\AndroidManifest.xml:143:13-47
	android:windowSoftInputMode
		ADDED from src\main\AndroidManifest.xml:145:13-55
	android:configChanges
		ADDED from src\main\AndroidManifest.xml:142:13-151
	android:theme
		ADDED from src\main\AndroidManifest.xml:144:13-60
	android:name
		ADDED from src\main\AndroidManifest.xml:141:13-88
activity#com.trialpay.android.views.webcontainer.WebContainerPopupActivity
ADDED from src\main\AndroidManifest.xml:147:9-152:20
	android:hardwareAccelerated
		ADDED from src\main\AndroidManifest.xml:150:13-47
	android:configChanges
		ADDED from src\main\AndroidManifest.xml:149:13-151
	android:theme
		ADDED from src\main\AndroidManifest.xml:151:13-72
	android:name
		ADDED from src\main\AndroidManifest.xml:148:13-93
activity#com.trialpay.android.views.videocontainer.VideoContainerActivity
ADDED from src\main\AndroidManifest.xml:153:9-158:20
	android:hardwareAccelerated
		ADDED from src\main\AndroidManifest.xml:156:13-47
	android:configChanges
		ADDED from src\main\AndroidManifest.xml:155:13-151
	android:theme
		ADDED from src\main\AndroidManifest.xml:157:13-71
	android:name
		ADDED from src\main\AndroidManifest.xml:154:13-92
activity#ly.persona.sdk.OffersActivity
ADDED from src\main\AndroidManifest.xml:160:9-66
	android:name
		ADDED from src\main\AndroidManifest.xml:160:19-63
activity#com.tapjoy.TJAdUnitActivity
ADDED from src\main\AndroidManifest.xml:162:9-166:86
	android:hardwareAccelerated
		ADDED from src\main\AndroidManifest.xml:165:13-47
	android:configChanges
		ADDED from src\main\AndroidManifest.xml:164:13-74
	android:theme
		ADDED from src\main\AndroidManifest.xml:166:13-83
	android:name
		ADDED from src\main\AndroidManifest.xml:163:13-55
activity#com.tapjoy.mraid.view.ActionHandler
ADDED from src\main\AndroidManifest.xml:167:9-169:77
	android:configChanges
		ADDED from src\main\AndroidManifest.xml:169:13-74
	android:name
		ADDED from src\main\AndroidManifest.xml:168:13-63
activity#com.tapjoy.mraid.view.Browser
ADDED from src\main\AndroidManifest.xml:170:9-172:77
	android:configChanges
		ADDED from src\main\AndroidManifest.xml:172:13-74
	android:name
		ADDED from src\main\AndroidManifest.xml:171:13-57
activity#com.nativex.monetization.activities.InterstitialActivity
ADDED from src\main\AndroidManifest.xml:174:9-178:86
	android:hardwareAccelerated
		ADDED from src\main\AndroidManifest.xml:177:13-47
	android:configChanges
		ADDED from src\main\AndroidManifest.xml:176:13-59
	android:theme
		ADDED from src\main\AndroidManifest.xml:178:13-83
	android:name
		ADDED from src\main\AndroidManifest.xml:175:13-84
activity#com.nativex.videoplayer.VideoActivity
ADDED from src\main\AndroidManifest.xml:179:9-181:62
	android:configChanges
		ADDED from src\main\AndroidManifest.xml:181:13-59
	android:name
		ADDED from src\main\AndroidManifest.xml:180:13-65
activity#com.playerize.superrewards.activities.SRWebViewActivity
ADDED from src\main\AndroidManifest.xml:184:9-186:52
	android:screenOrientation
		ADDED from src\main\AndroidManifest.xml:186:13-49
	android:name
		ADDED from src\main\AndroidManifest.xml:185:13-83
activity#com.adscendmedia.sdk.ui.OffersActivity
ADDED from src\main\AndroidManifest.xml:189:9-192:20
	android:configChanges
		ADDED from src\main\AndroidManifest.xml:191:13-59
	android:name
		ADDED from src\main\AndroidManifest.xml:190:13-66
activity#com.jirbo.adcolony.AdColonyOverlay
ADDED from src\main\AndroidManifest.xml:195:9-198:86
	android:configChanges
		ADDED from src\main\AndroidManifest.xml:197:13-74
	android:theme
		ADDED from src\main\AndroidManifest.xml:198:13-83
	android:name
		ADDED from src\main\AndroidManifest.xml:196:13-62
activity#com.jirbo.adcolony.AdColonyFullscreen
ADDED from src\main\AndroidManifest.xml:199:9-202:80
	android:configChanges
		ADDED from src\main\AndroidManifest.xml:201:13-74
	android:theme
		ADDED from src\main\AndroidManifest.xml:202:13-77
	android:name
		ADDED from src\main\AndroidManifest.xml:200:13-65
activity#com.jirbo.adcolony.AdColonyBrowser
ADDED from src\main\AndroidManifest.xml:203:9-206:80
	android:configChanges
		ADDED from src\main\AndroidManifest.xml:205:13-74
	android:theme
		ADDED from src\main\AndroidManifest.xml:206:13-77
	android:name
		ADDED from src\main\AndroidManifest.xml:204:13-62
activity#com.vungle.publisher.FullScreenAdActivity
ADDED from src\main\AndroidManifest.xml:209:9-212:74
	android:configChanges
		ADDED from src\main\AndroidManifest.xml:211:13-74
	android:theme
		ADDED from src\main\AndroidManifest.xml:212:13-71
	android:name
		ADDED from src\main\AndroidManifest.xml:210:13-69
activity#com.vungle.publisher.VideoFullScreenAdActivity
ADDED from src\main\AndroidManifest.xml:215:9-219:73
	android:configChanges
		ADDED from src\main\AndroidManifest.xml:217:13-74
	android:theme
		ADDED from src\main\AndroidManifest.xml:219:13-71
	android:name
		ADDED from src\main\AndroidManifest.xml:215:19-80
activity#com.vungle.publisher.MraidFullScreenAdActivity
ADDED from src\main\AndroidManifest.xml:221:9-225:85
	android:configChanges
		ADDED from src\main\AndroidManifest.xml:223:13-74
	android:theme
		ADDED from src\main\AndroidManifest.xml:225:13-83
	android:name
		ADDED from src\main\AndroidManifest.xml:221:19-80
activity#net.adxmi.android.AdBrowser
ADDED from src\main\AndroidManifest.xml:228:9-232:20
	android:configChanges
		ADDED from src\main\AndroidManifest.xml:230:13-83
	android:theme
		ADDED from src\main\AndroidManifest.xml:231:13-66
	android:name
		ADDED from src\main\AndroidManifest.xml:229:13-55
service#net.adxmi.android.AdService
ADDED from src\main\AndroidManifest.xml:233:9-236:19
	android:exported
		ADDED from src\main\AndroidManifest.xml:235:13-37
	android:name
		ADDED from src\main\AndroidManifest.xml:234:13-55
service#net.adxmi.android.ExpService
ADDED from src\main\AndroidManifest.xml:239:9-242:19
	android:exported
		ADDED from src\main\AndroidManifest.xml:241:13-37
	android:name
		ADDED from src\main\AndroidManifest.xml:240:13-56
receiver#net.adxmi.android.AdReceiver
ADDED from src\main\AndroidManifest.xml:244:9-250:20
	android:name
		ADDED from src\main\AndroidManifest.xml:245:13-56
intent-filter#android.intent.action.PACKAGE_ADDED
ADDED from src\main\AndroidManifest.xml:246:13-249:29
action#android.intent.action.PACKAGE_ADDED
ADDED from src\main\AndroidManifest.xml:247:17-78
	android:name
		ADDED from src\main\AndroidManifest.xml:247:25-75
data
ADDED from src\main\AndroidManifest.xml:248:17-50
	android:scheme
		ADDED from src\main\AndroidManifest.xml:248:23-47
activity#com.heyzap.sdk.ads.HeyzapInterstitialActivity
ADDED from src\main\AndroidManifest.xml:251:9-163
	android:configChanges
		ADDED from src\main\AndroidManifest.xml:251:80-160
	android:name
		ADDED from src\main\AndroidManifest.xml:251:19-79
activity#com.heyzap.sdk.ads.HeyzapVideoActivity
ADDED from src\main\AndroidManifest.xml:252:9-156
	android:configChanges
		ADDED from src\main\AndroidManifest.xml:252:73-153
	android:name
		ADDED from src\main\AndroidManifest.xml:252:19-72
activity#com.heyzap.sdk.ads.HeyzapProxyActivity
ADDED from src\main\AndroidManifest.xml:253:9-75
	android:name
		ADDED from src\main\AndroidManifest.xml:253:19-72
activity#com.heyzap.sdk.ads.VASTActivity
ADDED from src\main\AndroidManifest.xml:254:9-149
	android:configChanges
		ADDED from src\main\AndroidManifest.xml:254:66-146
	android:name
		ADDED from src\main\AndroidManifest.xml:254:19-65
activity#com.heyzap.sdk.ads.MediationTestActivity
ADDED from src\main\AndroidManifest.xml:255:9-77
	android:name
		ADDED from src\main\AndroidManifest.xml:255:19-74
receiver#com.heyzap.sdk.ads.PackageAddedReceiver
ADDED from src\main\AndroidManifest.xml:256:9-261:20
	android:name
		ADDED from src\main\AndroidManifest.xml:256:19-73
activity#com.facebook.CustomTabActivity
ADDED from [com.facebook.android:facebook-android-sdk:4.15.0] AndroidManifest.xml:33:9-36:20
	android:exported
		ADDED from [com.facebook.android:facebook-android-sdk:4.15.0] AndroidManifest.xml:35:13-36
	android:name
		ADDED from [com.facebook.android:facebook-android-sdk:4.15.0] AndroidManifest.xml:34:13-58
activity#com.facebook.CustomTabMainActivity
ADDED from [com.facebook.android:facebook-android-sdk:4.15.0] AndroidManifest.xml:37:9-71
	android:name
		ADDED from [com.facebook.android:facebook-android-sdk:4.15.0] AndroidManifest.xml:37:19-68
activity#com.unity3d.ads.android.view.UnityAdsFullscreenActivity
ADDED from [SensibleWalletVaam:unity-ads:unspecified] AndroidManifest.xml:14:9-19:46
	android:hardwareAccelerated
		ADDED from [SensibleWalletVaam:unity-ads:unspecified] AndroidManifest.xml:17:13-47
	tools:ignore
		ADDED from [SensibleWalletVaam:unity-ads:unspecified] AndroidManifest.xml:19:13-43
	android:configChanges
		ADDED from [SensibleWalletVaam:unity-ads:unspecified] AndroidManifest.xml:16:13-170
	android:theme
		ADDED from [SensibleWalletVaam:unity-ads:unspecified] AndroidManifest.xml:18:13-71
	android:name
		ADDED from [SensibleWalletVaam:unity-ads:unspecified] AndroidManifest.xml:15:13-83